<?xml version="1.0" encoding="UTF-8"?>
<!-- Generated by org.testng.reporters.JUnitXMLReporter -->
<testsuite hostname="DESKTOP-L12EV7F" ignored="0" name="Test" tests="2" failures="1" timestamp="31 May 2018 07:38:03 GMT" time="30.585" errors="0">
  <testcase name="testFacebookHome" time="8.351" classname="testscript.Test1"/>
  <testcase name="testFacebookHome" time="10.113" classname="testscript.Test2">
    <failure type="java.lang.AssertionError" message="expected [Instagram – log in or sign up] but found [Instagram]">
      <![CDATA[java.lang.AssertionError: expected [Instagram – log in or sign up] but found [Instagram]
at testscript.Test2.testFacebookHome(Test2.java:31)
... Removed 31 stack frames]]>
    </failure>
  </testcase> <!-- testFacebookHome -->
</testsuite> <!-- Test -->
