<?xml version="1.0" encoding="UTF-8"?>
<testng-results skipped="0" failed="0" ignored="0" total="1" passed="1">
  <reporter-output>
    <line>
      <![CDATA[Element is present]]>
    </line>
    <line>
      <![CDATA[Title is displayedFacebook – log in or sign up]]>
    </line>
  </reporter-output>
  <suite name="Suite" duration-ms="26927" started-at="2018-05-27T08:27:10Z" finished-at="2018-05-27T08:27:37Z">
    <groups>
    </groups>
    <test name="Test" duration-ms="26927" started-at="2018-05-27T08:27:10Z" finished-at="2018-05-27T08:27:37Z">
      <class name="testscript.Test1">
        <test-method status="PASS" signature="testLaunchBrowser()[pri:0, instance:testscript.Test1@68837a77]" name="testLaunchBrowser" is-config="true" duration-ms="3908" started-at="2018-05-27T08:27:10Z" finished-at="2018-05-27T08:27:14Z">
          <reporter-output>
          </reporter-output>
        </test-method> <!-- testLaunchBrowser -->
        <test-method status="PASS" signature="testFacebookHome()[pri:0, instance:testscript.Test1@68837a77]" name="testFacebookHome" duration-ms="22362" started-at="2018-05-27T08:27:14Z" finished-at="2018-05-27T08:27:36Z">
          <reporter-output>
            <line>
              <![CDATA[Element is present]]>
            </line>
            <line>
              <![CDATA[Title is displayedFacebook – log in or sign up]]>
            </line>
          </reporter-output>
        </test-method> <!-- testFacebookHome -->
        <test-method status="PASS" signature="testCloseBrowser()[pri:0, instance:testscript.Test1@68837a77]" name="testCloseBrowser" is-config="true" duration-ms="646" started-at="2018-05-27T08:27:36Z" finished-at="2018-05-27T08:27:37Z">
          <reporter-output>
          </reporter-output>
        </test-method> <!-- testCloseBrowser -->
      </class> <!-- testscript.Test1 -->
    </test> <!-- Test -->
  </suite> <!-- Suite -->
</testng-results>
